<?xml version="1.0" encoding="UTF-8"?>
<!-- Generated by org.testng.reporters.JUnitXMLReporter -->
<testsuite hostname="LAPTOP-D2A3ARO3" failures="5" tests="6" name="TestSmoke" time="0.029" errors="0" timestamp="4 Apr 2022 21:14:01 GMT">
  <testcase classname="com.qa.test.testing" name="tone" time="0.008">
    <failure type="java.lang.AssertionError" message="expected [b] but found [a]">
      <![CDATA[java.lang.AssertionError: expected [b] but found [a]
	at com.qa.test.testing.tone(testing.java:14)
... Removed 29 stack frames]]>
    </failure>
  </testcase> <!-- tone -->
  <testcase classname="com.qa.test.testing" name="tone" time="0.001">
    <failure type="java.lang.AssertionError" message="expected [b] but found [a]">
      <![CDATA[java.lang.AssertionError: expected [b] but found [a]
	at com.qa.test.testing.tone(testing.java:14)
... Removed 29 stack frames]]>
    </failure>
  </testcase> <!-- tone -->
  <testcase classname="com.qa.test.testing" name="tone" time="0.002">
    <failure type="java.lang.AssertionError" message="expected [b] but found [a]">
      <![CDATA[java.lang.AssertionError: expected [b] but found [a]
	at com.qa.test.testing.tone(testing.java:14)
... Removed 29 stack frames]]>
    </failure>
  </testcase> <!-- tone -->
  <testcase classname="com.qa.test.testing" name="tone" time="0.0">
    <failure type="java.lang.AssertionError" message="expected [b] but found [a]">
      <![CDATA[java.lang.AssertionError: expected [b] but found [a]
	at com.qa.test.testing.tone(testing.java:14)
... Removed 29 stack frames]]>
    </failure>
  </testcase> <!-- tone -->
  <testcase classname="com.qa.test.testing" name="tthree" time="0.001">
    <failure type="java.lang.AssertionError" message="expected [b] but found [a]">
      <![CDATA[java.lang.AssertionError: expected [b] but found [a]
	at com.qa.test.testing.tthree(testing.java:29)
... Removed 29 stack frames]]>
    </failure>
  </testcase> <!-- tthree -->
  <testcase classname="com.qa.test.testing" name="ttwo" time="0.0"/>
</testsuite> <!-- TestSmoke -->
